# JRE version: OpenJDK Runtime Environment (8.0_152-b06) (build 1.8.0_152-release-1136-b06)
# Java VM: OpenJDK 64-Bit Server VM (25.152-b06 mixed mode linux-amd64 compressed oops)
Heap:
 PSYoungGen      total 356352K, used 0K [0x00000000e0000000, 0x00000000feb00000, 0x0000000100000000)
  eden space 208896K, 0% used [0x00000000e0000000,0x00000000e0000000,0x00000000ecc00000)
  from space 147456K, 0% used [0x00000000f5b00000,0x00000000f5b00000,0x00000000feb00000)
  to   space 146432K, 0% used [0x00000000ecc00000,0x00000000ecc00000,0x00000000f5b00000)
 ParOldGen       total 750592K, used 654167K [0x00000000a0000000, 0x00000000cdd00000, 0x00000000e0000000)
  object space 750592K, 87% used [0x00000000a0000000,0x00000000c7ed5d80,0x00000000cdd00000)
 Metaspace       used 83838K, capacity 86296K, committed 87444K, reserved 1126400K
  class space    used 10453K, capacity 11005K, committed 11196K, reserved 1048576K
GC Heap History (10 events):
Event: 3010.928 GC heap after
Heap after GC invocations=155 (full 15):
 PSYoungGen      total 351744K, used 44330K [0x00000000e0000000, 0x0000000100000000, 0x0000000100000000)
  eden space 179200K, 0% used [0x00000000e0000000,0x00000000e0000000,0x00000000eaf00000)
  from space 172544K, 25% used [0x00000000f5380000,0x00000000f7eca958,0x00000000ffc00000)
  to   space 168448K, 0% used [0x00000000eaf00000,0x00000000eaf00000,0x00000000f5380000)
 ParOldGen       total 750592K, used 514792K [0x00000000a0000000, 0x00000000cdd00000, 0x00000000e0000000)
  object space 750592K, 68% used [0x00000000a0000000,0x00000000bf6ba208,0x00000000cdd00000)
 Metaspace       used 84537K, capacity 87050K, committed 87444K, reserved 1126400K
  class space    used 10537K, capacity 11110K, committed 11196K, reserved 1048576K
}
Event: 3011.051 GC heap before
{Heap before GC invocations=156 (full 15):
 PSYoungGen      total 351744K, used 223530K [0x00000000e0000000, 0x0000000100000000, 0x0000000100000000)
  eden space 179200K, 100% used [0x00000000e0000000,0x00000000eaf00000,0x00000000eaf00000)
  from space 172544K, 25% used [0x00000000f5380000,0x00000000f7eca958,0x00000000ffc00000)
  to   space 168448K, 0% used [0x00000000eaf00000,0x00000000eaf00000,0x00000000f5380000)
 ParOldGen       total 750592K, used 514797K [0x00000000a0000000, 0x00000000cdd00000, 0x00000000e0000000)
  object space 750592K, 68% used [0x00000000a0000000,0x00000000bf6bb770,0x00000000cdd00000)
 Metaspace       used 84537K, capacity 87050K, committed 87444K, reserved 1126400K
  class space    used 10537K, capacity 11110K, committed 11196K, reserved 1048576K
Event: 3011.087 GC heap after
Heap after GC invocations=156 (full 15):
 PSYoungGen      total 223744K, used 44521K [0x00000000e0000000, 0x00000000ff200000, 0x0000000100000000)
  eden space 179200K, 0% used [0x00000000e0000000,0x00000000e0000000,0x00000000eaf00000)
  from space 44544K, 99% used [0x00000000eaf00000,0x00000000eda7a420,0x00000000eda80000)
  to   space 163328K, 0% used [0x00000000f5280000,0x00000000f5280000,0x00000000ff200000)
 ParOldGen       total 750592K, used 554075K [0x00000000a0000000, 0x00000000cdd00000, 0x00000000e0000000)
  object space 750592K, 73% used [0x00000000a0000000,0x00000000c1d16ea0,0x00000000cdd00000)
 Metaspace       used 84537K, capacity 87050K, committed 87444K, reserved 1126400K
  class space    used 10537K, capacity 11110K, committed 11196K, reserved 1048576K
}
Event: 3011.180 GC heap before
{Heap before GC invocations=157 (full 15):
 PSYoungGen      total 223744K, used 223721K [0x00000000e0000000, 0x00000000ff200000, 0x0000000100000000)
  eden space 179200K, 100% used [0x00000000e0000000,0x00000000eaf00000,0x00000000eaf00000)
  from space 44544K, 99% used [0x00000000eaf00000,0x00000000eda7a420,0x00000000eda80000)
  to   space 163328K, 0% used [0x00000000f5280000,0x00000000f5280000,0x00000000ff200000)
 ParOldGen       total 750592K, used 554081K [0x00000000a0000000, 0x00000000cdd00000, 0x00000000e0000000)
  object space 750592K, 73% used [0x00000000a0000000,0x00000000c1d185d0,0x00000000cdd00000)
 Metaspace       used 84537K, capacity 87050K, committed 87444K, reserved 1126400K
  class space    used 10537K, capacity 11110K, committed 11196K, reserved 1048576K
Event: 3011.214 GC heap after
Heap after GC invocations=157 (full 15):
 PSYoungGen      total 351744K, used 45710K [0x00000000e0000000, 0x00000000ff880000, 0x0000000100000000)
  eden space 188416K, 0% used [0x00000000e0000000,0x00000000e0000000,0x00000000eb800000)
  from space 163328K, 27% used [0x00000000f5280000,0x00000000f7f23898,0x00000000ff200000)
  to   space 158208K, 0% used [0x00000000eb800000,0x00000000eb800000,0x00000000f5280000)
 ParOldGen       total 750592K, used 593377K [0x00000000a0000000, 0x00000000cdd00000, 0x00000000e0000000)
  object space 750592K, 79% used [0x00000000a0000000,0x00000000c4378650,0x00000000cdd00000)
 Metaspace       used 84537K, capacity 87050K, committed 87444K, reserved 1126400K
  class space    used 10537K, capacity 11110K, committed 11196K, reserved 1048576K
}
Event: 3011.327 GC heap before
{Heap before GC invocations=158 (full 15):
 PSYoungGen      total 351744K, used 234126K [0x00000000e0000000, 0x00000000ff880000, 0x0000000100000000)
  eden space 188416K, 100% used [0x00000000e0000000,0x00000000eb800000,0x00000000eb800000)
  from space 163328K, 27% used [0x00000000f5280000,0x00000000f7f23898,0x00000000ff200000)
  to   space 158208K, 0% used [0x00000000eb800000,0x00000000eb800000,0x00000000f5280000)
 ParOldGen       total 750592K, used 593379K [0x00000000a0000000, 0x00000000cdd00000, 0x00000000e0000000)
  object space 750592K, 79% used [0x00000000a0000000,0x00000000c4378e88,0x00000000cdd00000)
 Metaspace       used 84537K, capacity 87050K, committed 87444K, reserved 1126400K
  class space    used 10537K, capacity 11110K, committed 11196K, reserved 1048576K
Event: 3011.371 GC heap after
Heap after GC invocations=158 (full 15):
 PSYoungGen      total 346624K, used 49801K [0x00000000e0000000, 0x00000000ff000000, 0x0000000100000000)
  eden space 188416K, 0% used [0x00000000e0000000,0x00000000e0000000,0x00000000eb800000)
  from space 158208K, 31% used [0x00000000eb800000,0x00000000ee8a2730,0x00000000f5280000)
  to   space 152576K, 0% used [0x00000000f5b00000,0x00000000f5b00000,0x00000000ff000000)
 ParOldGen       total 750592K, used 634159K [0x00000000a0000000, 0x00000000cdd00000, 0x00000000e0000000)
  object space 750592K, 84% used [0x00000000a0000000,0x00000000c6b4bee8,0x00000000cdd00000)
 Metaspace       used 84537K, capacity 87050K, committed 87444K, reserved 1126400K
  class space    used 10537K, capacity 11110K, committed 11196K, reserved 1048576K
}
Event: 3011.531 GC heap before
{Heap before GC invocations=159 (full 15):
 PSYoungGen      total 346624K, used 238217K [0x00000000e0000000, 0x00000000ff000000, 0x0000000100000000)
  eden space 188416K, 100% used [0x00000000e0000000,0x00000000eb800000,0x00000000eb800000)
  from space 158208K, 31% used [0x00000000eb800000,0x00000000ee8a2730,0x00000000f5280000)
  to   space 152576K, 0% used [0x00000000f5b00000,0x00000000f5b00000,0x00000000ff000000)
 ParOldGen       total 750592K, used 634162K [0x00000000a0000000, 0x00000000cdd00000, 0x00000000e0000000)
  object space 750592K, 84% used [0x00000000a0000000,0x00000000c6b4c8e0,0x00000000cdd00000)
 Metaspace       used 84537K, capacity 87050K, committed 87444K, reserved 1126400K
  class space    used 10537K, capacity 11110K, committed 11196K, reserved 1048576K
Event: 3011.571 GC heap after
Heap after GC invocations=159 (full 15):
 PSYoungGen      total 356352K, used 51121K [0x00000000e0000000, 0x00000000feb00000, 0x0000000100000000)
  eden space 208896K, 0% used [0x00000000e0000000,0x00000000e0000000,0x00000000ecc00000)
  from space 147456K, 34% used [0x00000000f5b00000,0x00000000f8cec490,0x00000000feb00000)
  to   space 146432K, 0% used [0x00000000ecc00000,0x00000000ecc00000,0x00000000f5b00000)
 ParOldGen       total 750592K, used 678595K [0x00000000a0000000, 0x00000000cdd00000, 0x00000000e0000000)
  object space 750592K, 90% used [0x00000000a0000000,0x00000000c96b0d00,0x00000000cdd00000)
 Metaspace       used 84537K, capacity 87050K, committed 87444K, reserved 1126400K
  class space    used 10537K, capacity 11110K, committed 11196K, reserved 1048576K
}
Event: 3011.571 GC heap before
{Heap before GC invocations=160 (full 16):
 PSYoungGen      total 356352K, used 51121K [0x00000000e0000000, 0x00000000feb00000, 0x0000000100000000)
  eden space 208896K, 0% used [0x00000000e0000000,0x00000000e0000000,0x00000000ecc00000)
  from space 147456K, 34% used [0x00000000f5b00000,0x00000000f8cec490,0x00000000feb00000)
  to   space 146432K, 0% used [0x00000000ecc00000,0x00000000ecc00000,0x00000000f5b00000)
 ParOldGen       total 750592K, used 678595K [0x00000000a0000000, 0x00000000cdd00000, 0x00000000e0000000)
  object space 750592K, 90% used [0x00000000a0000000,0x00000000c96b0d00,0x00000000cdd00000)
 Metaspace       used 84537K, capacity 87050K, committed 87444K, reserved 1126400K
  class space    used 10537K, capacity 11110K, committed 11196K, reserved 1048576K

