# JRE version: OpenJDK Runtime Environment (8.0_152-b01) (build 1.8.0_152-release-1024-b01)
# Java VM: OpenJDK 64-Bit Server VM (25.152-b01 mixed mode linux-amd64 compressed oops)
Heap:
 PSYoungGen      total 400896K, used 0K [0x00000000e0000000, 0x0000000100000000, 0x0000000100000000)
  eden space 277504K, 0% used [0x00000000e0000000,0x00000000e0000000,0x00000000f0f00000)
  from space 123392K, 0% used [0x00000000f0f00000,0x00000000f0f00000,0x00000000f8780000)
  to   space 123392K, 0% used [0x00000000f8780000,0x00000000f8780000,0x0000000100000000)
 ParOldGen       total 648704K, used 640680K [0x00000000a0000000, 0x00000000c7980000, 0x00000000e0000000)
  object space 648704K, 98% used [0x00000000a0000000,0x00000000c71aa3b8,0x00000000c7980000)
 Metaspace       used 70682K, capacity 72670K, committed 73432K, reserved 1112064K
  class space    used 9311K, capacity 9836K, committed 9984K, reserved 1048576K
GC Heap History (10 events):
Event: 35.914 GC heap after
Heap after GC invocations=35 (full 6):
 PSYoungGen      total 304640K, used 0K [0x00000000e0000000, 0x0000000100000000, 0x0000000100000000)
  eden space 304128K, 0% used [0x00000000e0000000,0x00000000e0000000,0x00000000f2900000)
  from space 512K, 0% used [0x00000000f2900000,0x00000000f2900000,0x00000000f2980000)
  to   space 110592K, 0% used [0x00000000f9400000,0x00000000f9400000,0x0000000100000000)
 ParOldGen       total 648704K, used 416287K [0x00000000a0000000, 0x00000000c7980000, 0x00000000e0000000)
  object space 648704K, 64% used [0x00000000a0000000,0x00000000b9687d60,0x00000000c7980000)
 Metaspace       used 70641K, capacity 72670K, committed 73432K, reserved 1112064K
  class space    used 9309K, capacity 9836K, committed 9984K, reserved 1048576K
}
Event: 36.364 GC heap before
{Heap before GC invocations=36 (full 6):
 PSYoungGen      total 304640K, used 304128K [0x00000000e0000000, 0x0000000100000000, 0x0000000100000000)
  eden space 304128K, 100% used [0x00000000e0000000,0x00000000f2900000,0x00000000f2900000)
  from space 512K, 0% used [0x00000000f2900000,0x00000000f2900000,0x00000000f2980000)
  to   space 110592K, 0% used [0x00000000f9400000,0x00000000f9400000,0x0000000100000000)
 ParOldGen       total 648704K, used 416287K [0x00000000a0000000, 0x00000000c7980000, 0x00000000e0000000)
  object space 648704K, 64% used [0x00000000a0000000,0x00000000b9687d60,0x00000000c7980000)
 Metaspace       used 70663K, capacity 72670K, committed 73432K, reserved 1112064K
  class space    used 9310K, capacity 9836K, committed 9984K, reserved 1048576K
Event: 36.431 GC heap after
Heap after GC invocations=36 (full 6):
 PSYoungGen      total 402432K, used 73015K [0x00000000e0000000, 0x0000000100000000, 0x0000000100000000)
  eden space 291840K, 0% used [0x00000000e0000000,0x00000000e0000000,0x00000000f1d00000)
  from space 110592K, 66% used [0x00000000f9400000,0x00000000fdb4df78,0x0000000100000000)
  to   space 116224K, 0% used [0x00000000f1d00000,0x00000000f1d00000,0x00000000f8e80000)
 ParOldGen       total 648704K, used 416287K [0x00000000a0000000, 0x00000000c7980000, 0x00000000e0000000)
  object space 648704K, 64% used [0x00000000a0000000,0x00000000b9687d60,0x00000000c7980000)
 Metaspace       used 70663K, capacity 72670K, committed 73432K, reserved 1112064K
  class space    used 9310K, capacity 9836K, committed 9984K, reserved 1048576K
}
Event: 36.711 GC heap before
{Heap before GC invocations=37 (full 6):
 PSYoungGen      total 402432K, used 364855K [0x00000000e0000000, 0x0000000100000000, 0x0000000100000000)
  eden space 291840K, 100% used [0x00000000e0000000,0x00000000f1d00000,0x00000000f1d00000)
  from space 110592K, 66% used [0x00000000f9400000,0x00000000fdb4df78,0x0000000100000000)
  to   space 116224K, 0% used [0x00000000f1d00000,0x00000000f1d00000,0x00000000f8e80000)
 ParOldGen       total 648704K, used 416294K [0x00000000a0000000, 0x00000000c7980000, 0x00000000e0000000)
  object space 648704K, 64% used [0x00000000a0000000,0x00000000b9689b88,0x00000000c7980000)
 Metaspace       used 70670K, capacity 72670K, committed 73432K, reserved 1112064K
  class space    used 9310K, capacity 9836K, committed 9984K, reserved 1048576K
Event: 36.791 GC heap after
Heap after GC invocations=37 (full 6):
 PSYoungGen      total 363008K, used 70777K [0x00000000e0000000, 0x0000000100000000, 0x0000000100000000)
  eden space 291840K, 0% used [0x00000000e0000000,0x00000000e0000000,0x00000000f1d00000)
  from space 71168K, 99% used [0x00000000f1d00000,0x00000000f621e7b8,0x00000000f6280000)
  to   space 119808K, 0% used [0x00000000f8b00000,0x00000000f8b00000,0x0000000100000000)
 ParOldGen       total 648704K, used 482249K [0x00000000a0000000, 0x00000000c7980000, 0x00000000e0000000)
  object space 648704K, 74% used [0x00000000a0000000,0x00000000bd6f2770,0x00000000c7980000)
 Metaspace       used 70670K, capacity 72670K, committed 73432K, reserved 1112064K
  class space    used 9310K, capacity 9836K, committed 9984K, reserved 1048576K
}
Event: 37.405 GC heap before
{Heap before GC invocations=38 (full 6):
 PSYoungGen      total 363008K, used 362617K [0x00000000e0000000, 0x0000000100000000, 0x0000000100000000)
  eden space 291840K, 100% used [0x00000000e0000000,0x00000000f1d00000,0x00000000f1d00000)
  from space 71168K, 99% used [0x00000000f1d00000,0x00000000f621e7b8,0x00000000f6280000)
  to   space 119808K, 0% used [0x00000000f8b00000,0x00000000f8b00000,0x0000000100000000)
 ParOldGen       total 648704K, used 482263K [0x00000000a0000000, 0x00000000c7980000, 0x00000000e0000000)
  object space 648704K, 74% used [0x00000000a0000000,0x00000000bd6f5eb0,0x00000000c7980000)
 Metaspace       used 70676K, capacity 72670K, committed 73432K, reserved 1112064K
  class space    used 9311K, capacity 9836K, committed 9984K, reserved 1048576K
Event: 37.473 GC heap after
Heap after GC invocations=38 (full 6):
 PSYoungGen      total 397312K, used 74259K [0x00000000e0000000, 0x0000000100000000, 0x0000000100000000)
  eden space 277504K, 0% used [0x00000000e0000000,0x00000000e0000000,0x00000000f0f00000)
  from space 119808K, 61% used [0x00000000f8b00000,0x00000000fd384cd0,0x0000000100000000)
  to   space 123392K, 0% used [0x00000000f0f00000,0x00000000f0f00000,0x00000000f8780000)
 ParOldGen       total 648704K, used 546375K [0x00000000a0000000, 0x00000000c7980000, 0x00000000e0000000)
  object space 648704K, 84% used [0x00000000a0000000,0x00000000c1591c10,0x00000000c7980000)
 Metaspace       used 70676K, capacity 72670K, committed 73432K, reserved 1112064K
  class space    used 9311K, capacity 9836K, committed 9984K, reserved 1048576K
}
Event: 38.173 GC heap before
{Heap before GC invocations=39 (full 6):
 PSYoungGen      total 397312K, used 351763K [0x00000000e0000000, 0x0000000100000000, 0x0000000100000000)
  eden space 277504K, 100% used [0x00000000e0000000,0x00000000f0f00000,0x00000000f0f00000)
  from space 119808K, 61% used [0x00000000f8b00000,0x00000000fd384cd0,0x0000000100000000)
  to   space 123392K, 0% used [0x00000000f0f00000,0x00000000f0f00000,0x00000000f8780000)
 ParOldGen       total 648704K, used 546376K [0x00000000a0000000, 0x00000000c7980000, 0x00000000e0000000)
  object space 648704K, 84% used [0x00000000a0000000,0x00000000c1592328,0x00000000c7980000)
 Metaspace       used 70682K, capacity 72670K, committed 73432K, reserved 1112064K
  class space    used 9311K, capacity 9836K, committed 9984K, reserved 1048576K
Event: 38.246 GC heap after
Heap after GC invocations=39 (full 6):
 PSYoungGen      total 400896K, used 67080K [0x00000000e0000000, 0x0000000100000000, 0x0000000100000000)
  eden space 277504K, 0% used [0x00000000e0000000,0x00000000e0000000,0x00000000f0f00000)
  from space 123392K, 54% used [0x00000000f0f00000,0x00000000f5082200,0x00000000f8780000)
  to   space 123392K, 0% used [0x00000000f8780000,0x00000000f8780000,0x0000000100000000)
 ParOldGen       total 648704K, used 612389K [0x00000000a0000000, 0x00000000c7980000, 0x00000000e0000000)
  object space 648704K, 94% used [0x00000000a0000000,0x00000000c56096f0,0x00000000c7980000)
 Metaspace       used 70682K, capacity 72670K, committed 73432K, reserved 1112064K
  class space    used 9311K, capacity 9836K, committed 9984K, reserved 1048576K
}
Event: 38.246 GC heap before
{Heap before GC invocations=40 (full 7):
 PSYoungGen      total 400896K, used 67080K [0x00000000e0000000, 0x0000000100000000, 0x0000000100000000)
  eden space 277504K, 0% used [0x00000000e0000000,0x00000000e0000000,0x00000000f0f00000)
  from space 123392K, 54% used [0x00000000f0f00000,0x00000000f5082200,0x00000000f8780000)
  to   space 123392K, 0% used [0x00000000f8780000,0x00000000f8780000,0x0000000100000000)
 ParOldGen       total 648704K, used 612389K [0x00000000a0000000, 0x00000000c7980000, 0x00000000e0000000)
  object space 648704K, 94% used [0x00000000a0000000,0x00000000c56096f0,0x00000000c7980000)
 Metaspace       used 70682K, capacity 72670K, committed 73432K, reserved 1112064K
  class space    used 9311K, capacity 9836K, committed 9984K, reserved 1048576K

