# JRE version: OpenJDK Runtime Environment (8.0_152-b06) (build 1.8.0_152-release-1136-b06)
# Java VM: OpenJDK 64-Bit Server VM (25.152-b06 mixed mode linux-amd64 compressed oops)
Heap:
 PSYoungGen      total 374784K, used 3585K [0x00000000e0000000, 0x00000000ffd80000, 0x0000000100000000)
  eden space 246784K, 0% used [0x00000000e0000000,0x00000000e0000000,0x00000000ef100000)
  from space 128000K, 2% used [0x00000000ef100000,0x00000000ef480440,0x00000000f6e00000)
  to   space 121856K, 0% used [0x00000000f8680000,0x00000000f8680000,0x00000000ffd80000)
 ParOldGen       total 384512K, used 384129K [0x00000000a0000000, 0x00000000b7780000, 0x00000000e0000000)
  object space 384512K, 99% used [0x00000000a0000000,0x00000000b7720650,0x00000000b7780000)
 Metaspace       used 109529K, capacity 113942K, committed 114904K, reserved 1148928K
  class space    used 13989K, capacity 14881K, committed 15104K, reserved 1048576K
GC Heap History (10 events):
Event: 5669.628 GC heap after
Heap after GC invocations=26 (full 4):
 PSYoungGen      total 370176K, used 103512K [0x00000000e0000000, 0x0000000100000000, 0x0000000100000000)
  eden space 238592K, 0% used [0x00000000e0000000,0x00000000e0000000,0x00000000ee900000)
  from space 131584K, 78% used [0x00000000f7f80000,0x00000000fe496388,0x0000000100000000)
  to   space 142848K, 0% used [0x00000000ee900000,0x00000000ee900000,0x00000000f7480000)
 ParOldGen       total 195072K, used 193063K [0x00000000a0000000, 0x00000000abe80000, 0x00000000e0000000)
  object space 195072K, 98% used [0x00000000a0000000,0x00000000abc89c68,0x00000000abe80000)
 Metaspace       used 110242K, capacity 114800K, committed 114904K, reserved 1148928K
  class space    used 14091K, capacity 15037K, committed 15104K, reserved 1048576K
}
Event: 5669.628 GC heap before
{Heap before GC invocations=27 (full 5):
 PSYoungGen      total 370176K, used 103512K [0x00000000e0000000, 0x0000000100000000, 0x0000000100000000)
  eden space 238592K, 0% used [0x00000000e0000000,0x00000000e0000000,0x00000000ee900000)
  from space 131584K, 78% used [0x00000000f7f80000,0x00000000fe496388,0x0000000100000000)
  to   space 142848K, 0% used [0x00000000ee900000,0x00000000ee900000,0x00000000f7480000)
 ParOldGen       total 195072K, used 193063K [0x00000000a0000000, 0x00000000abe80000, 0x00000000e0000000)
  object space 195072K, 98% used [0x00000000a0000000,0x00000000abc89c68,0x00000000abe80000)
 Metaspace       used 110242K, capacity 114800K, committed 114904K, reserved 1148928K
  class space    used 14091K, capacity 15037K, committed 15104K, reserved 1048576K
Event: 5670.276 GC heap after
Heap after GC invocations=27 (full 5):
 PSYoungGen      total 370176K, used 65782K [0x00000000e0000000, 0x0000000100000000, 0x0000000100000000)
  eden space 238592K, 0% used [0x00000000e0000000,0x00000000e0000000,0x00000000ee900000)
  from space 131584K, 49% used [0x00000000f7f80000,0x00000000fbfbdab8,0x0000000100000000)
  to   space 142848K, 0% used [0x00000000ee900000,0x00000000ee900000,0x00000000f7480000)
 ParOldGen       total 384512K, used 194574K [0x00000000a0000000, 0x00000000b7780000, 0x00000000e0000000)
  object space 384512K, 50% used [0x00000000a0000000,0x00000000abe03b60,0x00000000b7780000)
 Metaspace       used 109480K, capacity 113878K, committed 114904K, reserved 1148928K
  class space    used 13989K, capacity 14881K, committed 15104K, reserved 1048576K
}
Event: 5670.595 GC heap before
{Heap before GC invocations=28 (full 5):
 PSYoungGen      total 370176K, used 304374K [0x00000000e0000000, 0x0000000100000000, 0x0000000100000000)
  eden space 238592K, 100% used [0x00000000e0000000,0x00000000ee900000,0x00000000ee900000)
  from space 131584K, 49% used [0x00000000f7f80000,0x00000000fbfbdab8,0x0000000100000000)
  to   space 142848K, 0% used [0x00000000ee900000,0x00000000ee900000,0x00000000f7480000)
 ParOldGen       total 384512K, used 194576K [0x00000000a0000000, 0x00000000b7780000, 0x00000000e0000000)
  object space 384512K, 50% used [0x00000000a0000000,0x00000000abe04238,0x00000000b7780000)
 Metaspace       used 109492K, capacity 113878K, committed 114904K, reserved 1148928K
  class space    used 13989K, capacity 14881K, committed 15104K, reserved 1048576K
Event: 5670.672 GC heap after
Heap after GC invocations=28 (full 5):
 PSYoungGen      total 381440K, used 53325K [0x00000000e0000000, 0x00000000ffb00000, 0x0000000100000000)
  eden space 238592K, 0% used [0x00000000e0000000,0x00000000e0000000,0x00000000ee900000)
  from space 142848K, 37% used [0x00000000ee900000,0x00000000f1d13488,0x00000000f7480000)
  to   space 134656K, 0% used [0x00000000f7780000,0x00000000f7780000,0x00000000ffb00000)
 ParOldGen       total 384512K, used 252893K [0x00000000a0000000, 0x00000000b7780000, 0x00000000e0000000)
  object space 384512K, 65% used [0x00000000a0000000,0x00000000af6f7630,0x00000000b7780000)
 Metaspace       used 109492K, capacity 113878K, committed 114904K, reserved 1148928K
  class space    used 13989K, capacity 14881K, committed 15104K, reserved 1048576K
}
Event: 5671.334 GC heap before
{Heap before GC invocations=29 (full 5):
 PSYoungGen      total 381440K, used 291917K [0x00000000e0000000, 0x00000000ffb00000, 0x0000000100000000)
  eden space 238592K, 100% used [0x00000000e0000000,0x00000000ee900000,0x00000000ee900000)
  from space 142848K, 37% used [0x00000000ee900000,0x00000000f1d13488,0x00000000f7480000)
  to   space 134656K, 0% used [0x00000000f7780000,0x00000000f7780000,0x00000000ffb00000)
 ParOldGen       total 384512K, used 252893K [0x00000000a0000000, 0x00000000b7780000, 0x00000000e0000000)
  object space 384512K, 65% used [0x00000000a0000000,0x00000000af6f7650,0x00000000b7780000)
 Metaspace       used 109513K, capacity 113878K, committed 114904K, reserved 1148928K
  class space    used 13989K, capacity 14881K, committed 15104K, reserved 1048576K
Event: 5671.457 GC heap after
Heap after GC invocations=29 (full 5):
 PSYoungGen      total 365056K, used 50788K [0x00000000e0000000, 0x00000000feb00000, 0x0000000100000000)
  eden space 246784K, 0% used [0x00000000e0000000,0x00000000e0000000,0x00000000ef100000)
  from space 118272K, 42% used [0x00000000f7780000,0x00000000fa9193e0,0x00000000feb00000)
  to   space 128000K, 0% used [0x00000000ef100000,0x00000000ef100000,0x00000000f6e00000)
 ParOldGen       total 384512K, used 298494K [0x00000000a0000000, 0x00000000b7780000, 0x00000000e0000000)
  object space 384512K, 77% used [0x00000000a0000000,0x00000000b237f9b0,0x00000000b7780000)
 Metaspace       used 109513K, capacity 113878K, committed 114904K, reserved 1148928K
  class space    used 13989K, capacity 14881K, committed 15104K, reserved 1048576K
}
Event: 5672.586 GC heap before
{Heap before GC invocations=30 (full 5):
 PSYoungGen      total 365056K, used 297572K [0x00000000e0000000, 0x00000000feb00000, 0x0000000100000000)
  eden space 246784K, 100% used [0x00000000e0000000,0x00000000ef100000,0x00000000ef100000)
  from space 118272K, 42% used [0x00000000f7780000,0x00000000fa9193e0,0x00000000feb00000)
  to   space 128000K, 0% used [0x00000000ef100000,0x00000000ef100000,0x00000000f6e00000)
 ParOldGen       total 384512K, used 298499K [0x00000000a0000000, 0x00000000b7780000, 0x00000000e0000000)
  object space 384512K, 77% used [0x00000000a0000000,0x00000000b2380d20,0x00000000b7780000)
 Metaspace       used 109529K, capacity 113942K, committed 114904K, reserved 1148928K
  class space    used 13989K, capacity 14881K, committed 15104K, reserved 1048576K
Event: 5672.642 GC heap after
Heap after GC invocations=30 (full 5):
 PSYoungGen      total 374784K, used 58225K [0x00000000e0000000, 0x00000000ffd80000, 0x0000000100000000)
  eden space 246784K, 0% used [0x00000000e0000000,0x00000000e0000000,0x00000000ef100000)
  from space 128000K, 45% used [0x00000000ef100000,0x00000000f29dc540,0x00000000f6e00000)
  to   space 121856K, 0% used [0x00000000f8680000,0x00000000f8680000,0x00000000ffd80000)
 ParOldGen       total 384512K, used 342743K [0x00000000a0000000, 0x00000000b7780000, 0x00000000e0000000)
  object space 384512K, 89% used [0x00000000a0000000,0x00000000b4eb5fa0,0x00000000b7780000)
 Metaspace       used 109529K, capacity 113942K, committed 114904K, reserved 1148928K
  class space    used 13989K, capacity 14881K, committed 15104K, reserved 1048576K
}
Event: 5672.642 GC heap before
{Heap before GC invocations=31 (full 6):
 PSYoungGen      total 374784K, used 58225K [0x00000000e0000000, 0x00000000ffd80000, 0x0000000100000000)
  eden space 246784K, 0% used [0x00000000e0000000,0x00000000e0000000,0x00000000ef100000)
  from space 128000K, 45% used [0x00000000ef100000,0x00000000f29dc540,0x00000000f6e00000)
  to   space 121856K, 0% used [0x00000000f8680000,0x00000000f8680000,0x00000000ffd80000)
 ParOldGen       total 384512K, used 342743K [0x00000000a0000000, 0x00000000b7780000, 0x00000000e0000000)
  object space 384512K, 89% used [0x00000000a0000000,0x00000000b4eb5fa0,0x00000000b7780000)
 Metaspace       used 109529K, capacity 113942K, committed 114904K, reserved 1148928K
  class space    used 13989K, capacity 14881K, committed 15104K, reserved 1048576K

