# JRE version: OpenJDK Runtime Environment (8.0_152-b06) (build 1.8.0_152-release-1136-b06)
# Java VM: OpenJDK 64-Bit Server VM (25.152-b06 mixed mode linux-amd64 compressed oops)
Heap:
 PSYoungGen      total 349696K, used 0K [0x00000000e0000000, 0x0000000100000000, 0x0000000100000000)
  eden space 175104K, 0% used [0x00000000e0000000,0x00000000e0000000,0x00000000eab00000)
  from space 174592K, 0% used [0x00000000eab00000,0x00000000eab00000,0x00000000f5580000)
  to   space 174592K, 0% used [0x00000000f5580000,0x00000000f5580000,0x0000000100000000)
 ParOldGen       total 408576K, used 291017K [0x00000000a0000000, 0x00000000b8f00000, 0x00000000e0000000)
  object space 408576K, 71% used [0x00000000a0000000,0x00000000b1c326b8,0x00000000b8f00000)
 Metaspace       used 87430K, capacity 90250K, committed 91156K, reserved 1128448K
  class space    used 10821K, capacity 11448K, committed 11580K, reserved 1048576K
GC Heap History (10 events):
Event: 1187.351 GC heap after
Heap after GC invocations=155 (full 10):
 PSYoungGen      total 341504K, used 67055K [0x00000000e0000000, 0x00000000fea80000, 0x0000000100000000)
  eden space 184320K, 0% used [0x00000000e0000000,0x00000000e0000000,0x00000000eb400000)
  from space 157184K, 42% used [0x00000000eb400000,0x00000000ef57be60,0x00000000f4d80000)
  to   space 152576K, 0% used [0x00000000f5580000,0x00000000f5580000,0x00000000fea80000)
 ParOldGen       total 408576K, used 313956K [0x00000000a0000000, 0x00000000b8f00000, 0x00000000e0000000)
  object space 408576K, 76% used [0x00000000a0000000,0x00000000b3299398,0x00000000b8f00000)
 Metaspace       used 88127K, capacity 91004K, committed 91156K, reserved 1128448K
  class space    used 10905K, capacity 11553K, committed 11580K, reserved 1048576K
}
Event: 1187.461 GC heap before
{Heap before GC invocations=156 (full 10):
 PSYoungGen      total 341504K, used 251375K [0x00000000e0000000, 0x00000000fea80000, 0x0000000100000000)
  eden space 184320K, 100% used [0x00000000e0000000,0x00000000eb400000,0x00000000eb400000)
  from space 157184K, 42% used [0x00000000eb400000,0x00000000ef57be60,0x00000000f4d80000)
  to   space 152576K, 0% used [0x00000000f5580000,0x00000000f5580000,0x00000000fea80000)
 ParOldGen       total 408576K, used 313959K [0x00000000a0000000, 0x00000000b8f00000, 0x00000000e0000000)
  object space 408576K, 76% used [0x00000000a0000000,0x00000000b3299cc8,0x00000000b8f00000)
 Metaspace       used 88127K, capacity 91004K, committed 91156K, reserved 1128448K
  class space    used 10905K, capacity 11553K, committed 11580K, reserved 1048576K
Event: 1187.501 GC heap after
Heap after GC invocations=156 (full 10):
 PSYoungGen      total 344576K, used 93152K [0x00000000e0000000, 0x00000000ff800000, 0x0000000100000000)
  eden space 192000K, 0% used [0x00000000e0000000,0x00000000e0000000,0x00000000ebb80000)
  from space 152576K, 61% used [0x00000000f5580000,0x00000000fb078040,0x00000000fea80000)
  to   space 157696K, 0% used [0x00000000ebb80000,0x00000000ebb80000,0x00000000f5580000)
 ParOldGen       total 408576K, used 313959K [0x00000000a0000000, 0x00000000b8f00000, 0x00000000e0000000)
  object space 408576K, 76% used [0x00000000a0000000,0x00000000b3299cc8,0x00000000b8f00000)
 Metaspace       used 88127K, capacity 91004K, committed 91156K, reserved 1128448K
  class space    used 10905K, capacity 11553K, committed 11580K, reserved 1048576K
}
Event: 1187.632 GC heap before
{Heap before GC invocations=157 (full 10):
 PSYoungGen      total 344576K, used 285152K [0x00000000e0000000, 0x00000000ff800000, 0x0000000100000000)
  eden space 192000K, 100% used [0x00000000e0000000,0x00000000ebb80000,0x00000000ebb80000)
  from space 152576K, 61% used [0x00000000f5580000,0x00000000fb078040,0x00000000fea80000)
  to   space 157696K, 0% used [0x00000000ebb80000,0x00000000ebb80000,0x00000000f5580000)
 ParOldGen       total 408576K, used 313964K [0x00000000a0000000, 0x00000000b8f00000, 0x00000000e0000000)
  object space 408576K, 76% used [0x00000000a0000000,0x00000000b329b2c0,0x00000000b8f00000)
 Metaspace       used 88128K, capacity 91004K, committed 91156K, reserved 1128448K
  class space    used 10905K, capacity 11553K, committed 11580K, reserved 1048576K
Event: 1187.700 GC heap after
Heap after GC invocations=157 (full 10):
 PSYoungGen      total 349696K, used 126224K [0x00000000e0000000, 0x0000000100000000, 0x0000000100000000)
  eden space 192000K, 0% used [0x00000000e0000000,0x00000000e0000000,0x00000000ebb80000)
  from space 157696K, 80% used [0x00000000ebb80000,0x00000000f36c41f0,0x00000000f5580000)
  to   space 173568K, 0% used [0x00000000f5680000,0x00000000f5680000,0x0000000100000000)
 ParOldGen       total 408576K, used 313964K [0x00000000a0000000, 0x00000000b8f00000, 0x00000000e0000000)
  object space 408576K, 76% used [0x00000000a0000000,0x00000000b329b2c0,0x00000000b8f00000)
 Metaspace       used 88128K, capacity 91004K, committed 91156K, reserved 1128448K
  class space    used 10905K, capacity 11553K, committed 11580K, reserved 1048576K
}
Event: 1187.846 GC heap before
{Heap before GC invocations=158 (full 10):
 PSYoungGen      total 349696K, used 318224K [0x00000000e0000000, 0x0000000100000000, 0x0000000100000000)
  eden space 192000K, 100% used [0x00000000e0000000,0x00000000ebb80000,0x00000000ebb80000)
  from space 157696K, 80% used [0x00000000ebb80000,0x00000000f36c41f0,0x00000000f5580000)
  to   space 173568K, 0% used [0x00000000f5680000,0x00000000f5680000,0x0000000100000000)
 ParOldGen       total 408576K, used 314540K [0x00000000a0000000, 0x00000000b8f00000, 0x00000000e0000000)
  object space 408576K, 76% used [0x00000000a0000000,0x00000000b332b1a8,0x00000000b8f00000)
 Metaspace       used 88128K, capacity 91004K, committed 91156K, reserved 1128448K
  class space    used 10905K, capacity 11553K, committed 11580K, reserved 1048576K
Event: 1187.918 GC heap after
Heap after GC invocations=158 (full 10):
 PSYoungGen      total 348672K, used 132646K [0x00000000e0000000, 0x0000000100000000, 0x0000000100000000)
  eden space 175104K, 0% used [0x00000000e0000000,0x00000000e0000000,0x00000000eab00000)
  from space 173568K, 76% used [0x00000000f5680000,0x00000000fd809b20,0x0000000100000000)
  to   space 174592K, 0% used [0x00000000eab00000,0x00000000eab00000,0x00000000f5580000)
 ParOldGen       total 408576K, used 336792K [0x00000000a0000000, 0x00000000b8f00000, 0x00000000e0000000)
  object space 408576K, 82% used [0x00000000a0000000,0x00000000b48e6310,0x00000000b8f00000)
 Metaspace       used 88128K, capacity 91004K, committed 91156K, reserved 1128448K
  class space    used 10905K, capacity 11553K, committed 11580K, reserved 1048576K
}
Event: 1188.163 GC heap before
{Heap before GC invocations=159 (full 10):
 PSYoungGen      total 348672K, used 307750K [0x00000000e0000000, 0x0000000100000000, 0x0000000100000000)
  eden space 175104K, 100% used [0x00000000e0000000,0x00000000eab00000,0x00000000eab00000)
  from space 173568K, 76% used [0x00000000f5680000,0x00000000fd809b20,0x0000000100000000)
  to   space 174592K, 0% used [0x00000000eab00000,0x00000000eab00000,0x00000000f5580000)
 ParOldGen       total 408576K, used 336794K [0x00000000a0000000, 0x00000000b8f00000, 0x00000000e0000000)
  object space 408576K, 82% used [0x00000000a0000000,0x00000000b48e68c8,0x00000000b8f00000)
 Metaspace       used 88128K, capacity 91004K, committed 91156K, reserved 1128448K
  class space    used 10905K, capacity 11553K, committed 11580K, reserved 1048576K
Event: 1188.284 GC heap after
Heap after GC invocations=159 (full 10):
 PSYoungGen      total 349696K, used 126043K [0x00000000e0000000, 0x0000000100000000, 0x0000000100000000)
  eden space 175104K, 0% used [0x00000000e0000000,0x00000000e0000000,0x00000000eab00000)
  from space 174592K, 72% used [0x00000000eab00000,0x00000000f2616e80,0x00000000f5580000)
  to   space 174592K, 0% used [0x00000000f5580000,0x00000000f5580000,0x0000000100000000)
 ParOldGen       total 408576K, used 373961K [0x00000000a0000000, 0x00000000b8f00000, 0x00000000e0000000)
  object space 408576K, 91% used [0x00000000a0000000,0x00000000b6d325d8,0x00000000b8f00000)
 Metaspace       used 88128K, capacity 91004K, committed 91156K, reserved 1128448K
  class space    used 10905K, capacity 11553K, committed 11580K, reserved 1048576K
}
Event: 1188.286 GC heap before
{Heap before GC invocations=160 (full 11):
 PSYoungGen      total 349696K, used 126043K [0x00000000e0000000, 0x0000000100000000, 0x0000000100000000)
  eden space 175104K, 0% used [0x00000000e0000000,0x00000000e0000000,0x00000000eab00000)
  from space 174592K, 72% used [0x00000000eab00000,0x00000000f2616e80,0x00000000f5580000)
  to   space 174592K, 0% used [0x00000000f5580000,0x00000000f5580000,0x0000000100000000)
 ParOldGen       total 408576K, used 373961K [0x00000000a0000000, 0x00000000b8f00000, 0x00000000e0000000)
  object space 408576K, 91% used [0x00000000a0000000,0x00000000b6d325d8,0x00000000b8f00000)
 Metaspace       used 88128K, capacity 91004K, committed 91156K, reserved 1128448K
  class space    used 10905K, capacity 11553K, committed 11580K, reserved 1048576K

